#
# A fatal error has been detected by the Java Runtime Environment:
#
#  EXCEPTION_ACCESS_VIOLATION (0xc0000005) at pc=0x000007fef7df6f5e, pid=5008, tid=11872
#
# JRE version: Java(TM) SE Runtime Environment (8.0_60-b27) (build 1.8.0_60-b27)
# Java VM: Java HotSpot(TM) 64-Bit Server VM (25.60-b23 mixed mode windows-amd64 compressed oops)
# Problematic frame:
# C  0x000007fef7df6f5e
#
# Failed to write core dump. Minidumps are not enabled by default on client versions of Windows
#
# If you would like to submit a bug report, please visit:
#   http://bugreport.java.com/bugreport/crash.jsp
# The crash happened outside the Java Virtual Machine in native code.
# See problematic frame for where to report the bug.
#

---------------  T H R E A D  ---------------

Current thread (0x00000000002bd800):  JavaThread "main" [_thread_in_native, id=11872, stack(0x0000000002560000,0x0000000002660000)]

siginfo: ExceptionCode=0xc0000005, reading address 0x000000001ae01330

Registers:
RAX=0x0000000000010001, RBX=0x000000001ae01308, RCX=0x00000000777c5c3a, RDX=0x0000000000000000
RSP=0x000000000265ea50, RBP=0x0000000000010001, RSI=0x0000000000000000, RDI=0x000000001ae01300
R8 =0x000000000265ea08, R9 =0x0000000000010001, R10=0x0000000000000000, R11=0x0000000000000246
R12=0x0000000000000000, R13=0x000000001c47f800, R14=0x000000000265eb98, R15=0x00000000002bd800
RIP=0x000007fef7df6f5e, EFLAGS=0x0000000000010206

Top of Stack: (sp=0x000000000265ea50)
0x000000000265ea50:   000000001ae01308 0000000000000000
0x000000000265ea60:   fffffffffffffffe 00000000002bd800
0x000000000265ea70:   0000000000000001 000000005ddbe0a0
0x000000000265ea80:   0000000000000000 0000000018e5e0a0
0x000000000265ea90:   000000000265eb98 000000000265eb08
0x000000000265eaa0:   0000000000000000 000000005ddc2894
0x000000000265eab0:   000000001970c7b0 0000000000000000
0x000000000265eac0:   0000000000000320 000000000265eac8
0x000000000265ead0:   0000000000000300 0000000002943b54
0x000000000265eae0:   000000001c47f800 000000000265eb60
0x000000000265eaf0:   0000000021000021 0000000000000000
0x000000000265eb00:   0000000000000320 000000000265eb78
0x000000000265eb10:   0000000002937ced 00000000d6e8e778
0x000000000265eb20:   000000000265eb20 0000000000000000
0x000000000265eb30:   000000000265eb98 000000001c481800
0x000000000265eb40:   0000000000000000 000000001c47f800 

Instructions: (pc=0x000007fef7df6f5e)
0x000007fef7df6f3e:   
[error occurred during error reporting (printing registers, top of stack, instructions near pc), id 0xc0000005]

Register to memory mapping:

RAX=0x0000000000010001 is an unknown value
RBX=0x000000001ae01308 is an unknown value
RCX=0x00000000777c5c3a is an unknown value
RDX=0x0000000000000000 is an unknown value
RSP=0x000000000265ea50 is pointing into the stack for thread: 0x00000000002bd800
RBP=0x0000000000010001 is an unknown value
RSI=0x0000000000000000 is an unknown value
RDI=0x000000001ae01300 is an unknown value
R8 =0x000000000265ea08 is pointing into the stack for thread: 0x00000000002bd800
R9 =0x0000000000010001 is an unknown value
R10=0x0000000000000000 is an unknown value
R11=0x0000000000000246 is an unknown value
R12=0x0000000000000000 is an unknown value
R13={method} {0x000000001c47f808} 'initOps' '(III)V' in 'sun/java2d/d3d/D3DSurfaceData'
R14=0x000000000265eb98 is pointing into the stack for thread: 0x00000000002bd800
R15=0x00000000002bd800 is a thread


Stack: [0x0000000002560000,0x0000000002660000],  sp=0x000000000265ea50,  free space=1018k
Native frames: (J=compiled Java code, j=interpreted, Vv=VM code, C=native code)
C  0x000007fef7df6f5e

Java frames: (J=compiled Java code, j=interpreted, Vv=VM code)
j  sun.java2d.d3d.D3DSurfaceData.initOps(III)V+0
j  sun.java2d.d3d.D3DSurfaceData.<init>(Lsun/awt/windows/WComponentPeer;Lsun/java2d/d3d/D3DGraphicsConfig;IILjava/awt/Image;Ljava/awt/image/ColorModel;IILsun/java2d/pipe/hw/ExtendedBufferCapabilities$VSyncType;I)V+76
j  sun.java2d.d3d.D3DSurfaceData.createData(Lsun/java2d/d3d/D3DGraphicsConfig;IILjava/awt/image/ColorModel;Ljava/awt/Image;I)Lsun/java2d/d3d/D3DSurfaceData;+70
j  sun.java2d.d3d.D3DGraphicsConfig.createManagedSurface(III)Lsun/java2d/SurfaceData;+10
j  sun.java2d.d3d.D3DSurfaceDataProxy.validateSurfaceData(Lsun/java2d/SurfaceData;Lsun/java2d/SurfaceData;II)Lsun/java2d/SurfaceData;+22
j  sun.java2d.SurfaceDataProxy.replaceData(Lsun/java2d/SurfaceData;ILsun/java2d/loops/CompositeType;Ljava/awt/Color;)Lsun/java2d/SurfaceData;+191
j  sun.java2d.SurfaceData.getSourceSurfaceData(Ljava/awt/Image;ILsun/java2d/loops/CompositeType;Ljava/awt/Color;)Lsun/java2d/SurfaceData;+102
j  sun.java2d.pipe.DrawImage.renderImageCopy(Lsun/java2d/SunGraphics2D;Ljava/awt/Image;Ljava/awt/Color;IIIIII)Z+24
j  sun.java2d.pipe.DrawImage.copyImage(Lsun/java2d/SunGraphics2D;Ljava/awt/Image;IILjava/awt/Color;)Z+45
j  sun.java2d.pipe.DrawImage.copyImage(Lsun/java2d/SunGraphics2D;Ljava/awt/Image;IILjava/awt/Color;Ljava/awt/image/ImageObserver;)Z+15
j  sun.java2d.pipe.ValidatePipe.copyImage(Lsun/java2d/SunGraphics2D;Ljava/awt/Image;IILjava/awt/Color;Ljava/awt/image/ImageObserver;)Z+21
j  sun.java2d.SunGraphics2D.drawImage(Ljava/awt/Image;IILjava/awt/Color;Ljava/awt/image/ImageObserver;)Z+66
j  sun.java2d.SunGraphics2D.drawImage(Ljava/awt/Image;IILjava/awt/image/ImageObserver;)Z+7
j  cellEvolution.Drawer.paintImage(Ljava/util/ArrayList;[[D)V+25
j  cellEvolution.CellEvolutionGUI.updateImage()V+22
j  cellEvolution.CellEvolutionGUI.updateSimulation()V+19
j  cellEvolution.CellEvolutionGUI.main([Ljava/lang/String;)V+147
v  ~StubRoutines::call_stub

---------------  P R O C E S S  ---------------

Java Threads: ( => current thread )
  0x0000000019adb800 JavaThread "Thread-0" daemon [_thread_in_native, id=10712, stack(0x000000001d2f0000,0x000000001d3f0000)]
  0x00000000196a2800 JavaThread "AWT-EventQueue-0" [_thread_blocked, id=12220, stack(0x000000001c6a0000,0x000000001c7a0000)]
  0x00000000191af800 JavaThread "AWT-Shutdown" [_thread_blocked, id=11308, stack(0x000000001a000000,0x000000001a100000)]
  0x00000000191ae800 JavaThread "Java2D Disposer" daemon [_thread_blocked, id=11608, stack(0x0000000019e50000,0x0000000019f50000)]
  0x00000000175d8000 JavaThread "Service Thread" daemon [_thread_blocked, id=9688, stack(0x0000000019330000,0x0000000019430000)]
  0x0000000018db4800 JavaThread "C1 CompilerThread2" daemon [_thread_blocked, id=11004, stack(0x00000000184e0000,0x00000000185e0000)]
  0x00000000175d6800 JavaThread "C2 CompilerThread1" daemon [_thread_blocked, id=12236, stack(0x0000000019200000,0x0000000019300000)]
  0x00000000175cf000 JavaThread "C2 CompilerThread0" daemon [_thread_blocked, id=11680, stack(0x0000000018cb0000,0x0000000018db0000)]
  0x00000000175dd800 JavaThread "Attach Listener" daemon [_thread_blocked, id=9140, stack(0x0000000018a10000,0x0000000018b10000)]
  0x00000000175dc800 JavaThread "Signal Dispatcher" daemon [_thread_blocked, id=11628, stack(0x0000000018b90000,0x0000000018c90000)]
  0x0000000017576800 JavaThread "Finalizer" daemon [_thread_blocked, id=11100, stack(0x00000000188f0000,0x00000000189f0000)]
  0x000000001756f800 JavaThread "Reference Handler" daemon [_thread_blocked, id=11148, stack(0x0000000018730000,0x0000000018830000)]
=>0x00000000002bd800 JavaThread "main" [_thread_in_native, id=11872, stack(0x0000000002560000,0x0000000002660000)]

Other Threads:
  0x000000001756a000 VMThread [stack: 0x0000000018600000,0x0000000018700000] [id=10376]
  0x0000000018e32800 WatcherThread [stack: 0x00000000194e0000,0x00000000195e0000] [id=7076]

VM state:not at safepoint (normal execution)

VM Mutex/Monitor currently owned by a thread: None

Heap:
 PSYoungGen      total 38400K, used 21803K [0x00000000d5b80000, 0x00000000d8600000, 0x0000000100000000)
  eden space 33280K, 59% used [0x00000000d5b80000,0x00000000d6ef6ee8,0x00000000d7c00000)
  from space 5120K, 36% used [0x00000000d7c00000,0x00000000d7dd4010,0x00000000d8100000)
  to   space 5120K, 0% used [0x00000000d8100000,0x00000000d8100000,0x00000000d8600000)
 ParOldGen       total 87552K, used 32K [0x0000000081200000, 0x0000000086780000, 0x00000000d5b80000)
  object space 87552K, 0% used [0x0000000081200000,0x0000000081208000,0x0000000086780000)
 Metaspace       used 11392K, capacity 11582K, committed 11776K, reserved 1058816K
  class space    used 1442K, capacity 1511K, committed 1536K, reserved 1048576K

Card table byte_map: [0x0000000011cf0000,0x00000000120f0000] byte_map_base: 0x00000000118e7000

Marking Bits: (ParMarkBitMap*) 0x000000005287a5b0
 Begin Bits: [0x0000000012870000, 0x0000000014828000)
 End Bits:   [0x0000000014828000, 0x00000000167e0000)

Polling page: 0x0000000000240000

CodeCache: size=245760Kb used=3250Kb max_used=3250Kb free=242509Kb
 bounds [0x0000000002930000, 0x0000000002c60000, 0x0000000011930000]
 total_blobs=1352 nmethods=862 adapters=404
 compilation: enabled

Compilation events (10 events):
Event: 4.275 Thread 0x0000000018db4800  858       3       java.awt.Window::eventEnabled (138 bytes)
Event: 4.276 Thread 0x0000000018db4800 nmethod 858 0x0000000002c5ced0 code [0x0000000002c5d040, 0x0000000002c5d448]
Event: 4.305 Thread 0x0000000018db4800  859       3       java.awt.geom.Ellipse2D$Float::getX (6 bytes)
Event: 4.305 Thread 0x0000000018db4800 nmethod 859 0x0000000002c42c10 code [0x0000000002c42d60, 0x0000000002c42eb0]
Event: 4.305 Thread 0x0000000018db4800  860       3       java.awt.geom.Ellipse2D$Float::getY (6 bytes)
Event: 4.305 Thread 0x0000000018db4800 nmethod 860 0x0000000002c5d510 code [0x0000000002c5d660, 0x0000000002c5d7b0]
Event: 4.305 Thread 0x0000000018db4800  861       3       java.awt.geom.Ellipse2D$Float::getWidth (6 bytes)
Event: 4.306 Thread 0x0000000018db4800 nmethod 861 0x0000000002c5d810 code [0x0000000002c5d960, 0x0000000002c5dab0]
Event: 4.306 Thread 0x0000000018db4800  862       3       java.awt.geom.Ellipse2D$Float::getHeight (6 bytes)
Event: 4.306 Thread 0x0000000018db4800 nmethod 862 0x0000000002c5db10 code [0x0000000002c5dc60, 0x0000000002c5ddb0]

GC Heap History (6 events):
Event: 1.929 GC heap before
{Heap before GC invocations=1 (full 0):
 PSYoungGen      total 38400K, used 32754K [0x00000000d5b80000, 0x00000000d8600000, 0x0000000100000000)
  eden space 33280K, 98% used [0x00000000d5b80000,0x00000000d7b7cb30,0x00000000d7c00000)
  from space 5120K, 0% used [0x00000000d8100000,0x00000000d8100000,0x00000000d8600000)
  to   space 5120K, 0% used [0x00000000d7c00000,0x00000000d7c00000,0x00000000d8100000)
 ParOldGen       total 87552K, used 0K [0x0000000081200000, 0x0000000086780000, 0x00000000d5b80000)
  object space 87552K, 0% used [0x0000000081200000,0x0000000081200000,0x0000000086780000)
 Metaspace       used 11214K, capacity 11390K, committed 11520K, reserved 1058816K
  class space    used 1441K, capacity 1511K, committed 1536K, reserved 1048576K
Event: 1.934 GC heap after
Heap after GC invocations=1 (full 0):
 PSYoungGen      total 38400K, used 1856K [0x00000000d5b80000, 0x00000000d8600000, 0x0000000100000000)
  eden space 33280K, 0% used [0x00000000d5b80000,0x00000000d5b80000,0x00000000d7c00000)
  from space 5120K, 36% used [0x00000000d7c00000,0x00000000d7dd0020,0x00000000d8100000)
  to   space 5120K, 0% used [0x00000000d8100000,0x00000000d8100000,0x00000000d8600000)
 ParOldGen       total 87552K, used 16K [0x0000000081200000, 0x0000000086780000, 0x00000000d5b80000)
  object space 87552K, 0% used [0x0000000081200000,0x0000000081204000,0x0000000086780000)
 Metaspace       used 11214K, capacity 11390K, committed 11520K, reserved 1058816K
  class space    used 1441K, capacity 1511K, committed 1536K, reserved 1048576K
}
Event: 3.101 GC heap before
{Heap before GC invocations=2 (full 0):
 PSYoungGen      total 38400K, used 33833K [0x00000000d5b80000, 0x00000000d8600000, 0x0000000100000000)
  eden space 33280K, 96% used [0x00000000d5b80000,0x00000000d7aba570,0x00000000d7c00000)
  from space 5120K, 36% used [0x00000000d7c00000,0x00000000d7dd0020,0x00000000d8100000)
  to   space 5120K, 0% used [0x00000000d8100000,0x00000000d8100000,0x00000000d8600000)
 ParOldGen       total 87552K, used 16K [0x0000000081200000, 0x0000000086780000, 0x00000000d5b80000)
  object space 87552K, 0% used [0x0000000081200000,0x0000000081204000,0x0000000086780000)
 Metaspace       used 11247K, capacity 11454K, committed 11776K, reserved 1058816K
  class space    used 1441K, capacity 1511K, committed 1536K, reserved 1048576K
Event: 3.104 GC heap after
Heap after GC invocations=2 (full 0):
 PSYoungGen      total 38400K, used 1904K [0x00000000d5b80000, 0x00000000d8600000, 0x0000000100000000)
  eden space 33280K, 0% used [0x00000000d5b80000,0x00000000d5b80000,0x00000000d7c00000)
  from space 5120K, 37% used [0x00000000d8100000,0x00000000d82dc010,0x00000000d8600000)
  to   space 5120K, 0% used [0x00000000d7c00000,0x00000000d7c00000,0x00000000d8100000)
 ParOldGen       total 87552K, used 24K [0x0000000081200000, 0x0000000086780000, 0x00000000d5b80000)
  object space 87552K, 0% used [0x0000000081200000,0x0000000081206000,0x0000000086780000)
 Metaspace       used 11247K, capacity 11454K, committed 11776K, reserved 1058816K
  class space    used 1441K, capacity 1511K, committed 1536K, reserved 1048576K
}
Event: 3.965 GC heap before
{Heap before GC invocations=3 (full 0):
 PSYoungGen      total 38400K, used 32898K [0x00000000d5b80000, 0x00000000d8600000, 0x0000000100000000)
  eden space 33280K, 93% used [0x00000000d5b80000,0x00000000d79c49c8,0x00000000d7c00000)
  from space 5120K, 37% used [0x00000000d8100000,0x00000000d82dc010,0x00000000d8600000)
  to   space 5120K, 0% used [0x00000000d7c00000,0x00000000d7c00000,0x00000000d8100000)
 ParOldGen       total 87552K, used 24K [0x0000000081200000, 0x0000000086780000, 0x00000000d5b80000)
  object space 87552K, 0% used [0x0000000081200000,0x0000000081206000,0x0000000086780000)
 Metaspace       used 11379K, capacity 11582K, committed 11776K, reserved 1058816K
  class space    used 1442K, capacity 1511K, committed 1536K, reserved 1048576K
Event: 3.969 GC heap after
Heap after GC invocations=3 (full 0):
 PSYoungGen      total 38400K, used 1872K [0x00000000d5b80000, 0x00000000d8600000, 0x0000000100000000)
  eden space 33280K, 0% used [0x00000000d5b80000,0x00000000d5b80000,0x00000000d7c00000)
  from space 5120K, 36% used [0x00000000d7c00000,0x00000000d7dd4010,0x00000000d8100000)
  to   space 5120K, 0% used [0x00000000d8100000,0x00000000d8100000,0x00000000d8600000)
 ParOldGen       total 87552K, used 32K [0x0000000081200000, 0x0000000086780000, 0x00000000d5b80000)
  object space 87552K, 0% used [0x0000000081200000,0x0000000081208000,0x0000000086780000)
 Metaspace       used 11379K, capacity 11582K, committed 11776K, reserved 1058816K
  class space    used 1442K, capacity 1511K, committed 1536K, reserved 1048576K
}

Deoptimization events (10 events):
Event: 0.496 Thread 0x00000000002bd800 Uncommon trap: reason=bimorphic action=maybe_recompile pc=0x0000000002afe100 method=java.util.HashMap.putVal(ILjava/lang/Object;Ljava/lang/Object;ZZ)Ljava/lang/Object; @ 56
Event: 0.505 Thread 0x00000000002bd800 Uncommon trap: reason=bimorphic action=maybe_recompile pc=0x0000000002afe100 method=java.util.HashMap.putVal(ILjava/lang/Object;Ljava/lang/Object;ZZ)Ljava/lang/Object; @ 56
Event: 0.633 Thread 0x00000000196a2800 Uncommon trap: reason=bimorphic action=maybe_recompile pc=0x0000000002afe100 method=java.util.HashMap.putVal(ILjava/lang/Object;Ljava/lang/Object;ZZ)Ljava/lang/Object; @ 56
Event: 0.652 Thread 0x00000000196a2800 Uncommon trap: reason=bimorphic action=maybe_recompile pc=0x0000000002afe100 method=java.util.HashMap.putVal(ILjava/lang/Object;Ljava/lang/Object;ZZ)Ljava/lang/Object; @ 56
Event: 1.466 Thread 0x00000000002bd800 Uncommon trap: reason=class_check action=maybe_recompile pc=0x0000000002bafe64 method=sun.java2d.SunGraphics2D.validateColor()V @ 95
Event: 1.479 Thread 0x00000000196a2800 Uncommon trap: reason=class_check action=maybe_recompile pc=0x0000000002bafe64 method=sun.java2d.SunGraphics2D.validateColor()V @ 95
Event: 1.479 Thread 0x00000000196a2800 Uncommon trap: reason=class_check action=maybe_recompile pc=0x0000000002bafe64 method=sun.java2d.SunGraphics2D.validateColor()V @ 95
Event: 1.479 Thread 0x00000000196a2800 Uncommon trap: reason=class_check action=maybe_recompile pc=0x0000000002bb0450 method=sun.java2d.SunGraphics2D.validateColor()V @ 19
Event: 1.479 Thread 0x00000000196a2800 Uncommon trap: reason=class_check action=maybe_recompile pc=0x0000000002bb0450 method=sun.java2d.SunGraphics2D.validateColor()V @ 19
Event: 1.480 Thread 0x00000000196a2800 Uncommon trap: reason=class_check action=maybe_recompile pc=0x0000000002bafe64 method=sun.java2d.SunGraphics2D.validateColor()V @ 95

Internal exceptions (10 events):
Event: 0.288 Thread 0x00000000002bd800 Exception <a 'java/lang/ClassNotFoundException': ToolBar> (0x00000000d6028168) thrown at [C:\re\workspace\8-2-build-windows-amd64-cygwin\jdk8u60\4407\hotspot\src\share\vm\classfile\systemDictionary.cpp, line 210]
Event: 0.288 Thread 0x00000000002bd800 Exception <a 'java/lang/ClassNotFoundException': ToggleButton> (0x00000000d6028718) thrown at [C:\re\workspace\8-2-build-windows-amd64-cygwin\jdk8u60\4407\hotspot\src\share\vm\classfile\systemDictionary.cpp, line 210]
Event: 0.288 Thread 0x00000000002bd800 Exception <a 'java/lang/ClassNotFoundException': javax/swing/JToolBarSeparator> (0x00000000d6028b78) thrown at [C:\re\workspace\8-2-build-windows-amd64-cygwin\jdk8u60\4407\hotspot\src\share\vm\classfile\systemDictionary.cpp, line 210]
Event: 0.288 Thread 0x00000000002bd800 Exception <a 'java/lang/ClassNotFoundException': ToolBarSeparator> (0x00000000d6029010) thrown at [C:\re\workspace\8-2-build-windows-amd64-cygwin\jdk8u60\4407\hotspot\src\share\vm\classfile\systemDictionary.cpp, line 210]
Event: 0.288 Thread 0x00000000002bd800 Exception <a 'java/lang/ClassNotFoundException': ToolTip> (0x00000000d6029750) thrown at [C:\re\workspace\8-2-build-windows-amd64-cygwin\jdk8u60\4407\hotspot\src\share\vm\classfile\systemDictionary.cpp, line 210]
Event: 0.289 Thread 0x00000000002bd800 Exception <a 'java/lang/ClassNotFoundException': Tree> (0x00000000d602a370) thrown at [C:\re\workspace\8-2-build-windows-amd64-cygwin\jdk8u60\4407\hotspot\src\share\vm\classfile\systemDictionary.cpp, line 210]
Event: 0.289 Thread 0x00000000002bd800 Exception <a 'java/lang/ClassNotFoundException': Tree> (0x00000000d602aab0) thrown at [C:\re\workspace\8-2-build-windows-amd64-cygwin\jdk8u60\4407\hotspot\src\share\vm\classfile\systemDictionary.cpp, line 210]
Event: 0.289 Thread 0x00000000002bd800 Exception <a 'java/lang/ClassNotFoundException': javax/swing/JTreeCell> (0x00000000d602ae30) thrown at [C:\re\workspace\8-2-build-windows-amd64-cygwin\jdk8u60\4407\hotspot\src\share\vm\classfile\systemDictionary.cpp, line 210]
Event: 0.290 Thread 0x00000000002bd800 Exception <a 'java/lang/ClassNotFoundException': TreeCell> (0x00000000d602b2b8) thrown at [C:\re\workspace\8-2-build-windows-amd64-cygwin\jdk8u60\4407\hotspot\src\share\vm\classfile\systemDictionary.cpp, line 210]
Event: 0.290 Thread 0x00000000002bd800 Exception <a 'java/lang/ClassNotFoundException': RootPane> (0x00000000d602bd18) thrown at [C:\re\workspace\8-2-build-windows-amd64-cygwin\jdk8u60\4407\hotspot\src\share\vm\classfile\systemDictionary.cpp, line 210]

Events (10 events):
Event: 3.969 Executing VM operation: ParallelGCFailedAllocation done
Event: 4.207 Executing VM operation: EnableBiasedLocking
Event: 4.208 Executing VM operation: EnableBiasedLocking done
Event: 4.276 Thread 0x0000000019adb800 Thread added: 0x0000000019adb800
Event: 4.276 Thread 0x0000000019ade800 Thread added: 0x0000000019ade800
Event: 4.276 Thread 0x0000000019ade800 Thread exited: 0x0000000019ade800
Event: 4.276 Thread 0x00000000196fa000 Thread exited: 0x00000000196fa000
Event: 4.276 loading class sun/java2d/pipe/hw/AccelDeviceEventNotifier
Event: 4.276 loading class sun/java2d/pipe/hw/AccelDeviceEventNotifier done
Event: 4.313 Thread 0x00000000195e6800 Thread exited: 0x00000000195e6800


Dynamic libraries:
0x000000013ff80000 - 0x000000013ffb7000 	C:\Program Files\Java\jdk1.8.0_60\bin\java.exe
0x00000000778b0000 - 0x0000000077a59000 	C:\Windows\SYSTEM32\ntdll.dll
0x0000000077690000 - 0x00000000777af000 	C:\Windows\system32\kernel32.dll
0x000007fefd980000 - 0x000007fefd9ec000 	C:\Windows\system32\KERNELBASE.dll
0x000007fefdaf0000 - 0x000007fefdbcb000 	C:\Windows\system32\ADVAPI32.dll
0x000007fefed80000 - 0x000007fefee1f000 	C:\Windows\system32\msvcrt.dll
0x000007fefda30000 - 0x000007fefda4f000 	C:\Windows\SYSTEM32\sechost.dll
0x000007fefdea0000 - 0x000007fefdfcd000 	C:\Windows\system32\RPCRT4.dll
0x00000000777b0000 - 0x00000000778aa000 	C:\Windows\system32\USER32.dll
0x000007fefebf0000 - 0x000007fefec57000 	C:\Windows\system32\GDI32.dll
0x000007fefec60000 - 0x000007fefec6e000 	C:\Windows\system32\LPK.dll
0x000007fefe8c0000 - 0x000007fefe989000 	C:\Windows\system32\USP10.dll
0x000007fefd0d0000 - 0x000007fefd2c4000 	C:\Windows\WinSxS\amd64_microsoft.windows.common-controls_6595b64144ccf1df_6.0.7601.17514_none_fa396087175ac9ac\COMCTL32.dll
0x000007fefe990000 - 0x000007fefea01000 	C:\Windows\system32\SHLWAPI.dll
0x000007fefe330000 - 0x000007fefe35e000 	C:\Windows\system32\IMM32.DLL
0x000007fefec70000 - 0x000007fefed79000 	C:\Windows\system32\MSCTF.dll
0x0000000060d10000 - 0x0000000060de2000 	C:\Program Files\Java\jdk1.8.0_60\jre\bin\msvcr100.dll
0x0000000052070000 - 0x00000000528f9000 	C:\Program Files\Java\jdk1.8.0_60\jre\bin\server\jvm.dll
0x000007fef8eb0000 - 0x000007fef8eb9000 	C:\Windows\system32\WSOCK32.dll
0x000007fefe2c0000 - 0x000007fefe30d000 	C:\Windows\system32\WS2_32.dll
0x000007fefee20000 - 0x000007fefee28000 	C:\Windows\system32\NSI.dll
0x000007fefaf10000 - 0x000007fefaf4b000 	C:\Windows\system32\WINMM.dll
0x000007fefc1c0000 - 0x000007fefc1cc000 	C:\Windows\system32\VERSION.dll
0x0000000077a80000 - 0x0000000077a87000 	C:\Windows\system32\PSAPI.DLL
0x00000000657c0000 - 0x00000000657cf000 	C:\Program Files\Java\jdk1.8.0_60\jre\bin\verify.dll
0x00000000629c0000 - 0x00000000629e9000 	C:\Program Files\Java\jdk1.8.0_60\jre\bin\java.dll
0x0000000064130000 - 0x0000000064146000 	C:\Program Files\Java\jdk1.8.0_60\jre\bin\zip.dll
0x000007fefee30000 - 0x000007feffbb8000 	C:\Windows\system32\SHELL32.dll
0x000007fefe030000 - 0x000007fefe233000 	C:\Windows\system32\ole32.dll
0x000007fefd670000 - 0x000007fefd67f000 	C:\Windows\system32\profapi.dll
0x000000005dda0000 - 0x000000005df38000 	C:\Program Files\Java\jdk1.8.0_60\jre\bin\awt.dll
0x000007fefe650000 - 0x000007fefe727000 	C:\Windows\system32\OLEAUT32.dll
0x000007fefbab0000 - 0x000007fefbb06000 	C:\Windows\system32\uxtheme.dll
0x000007fefb2a0000 - 0x000007fefb2b8000 	C:\Windows\system32\dwmapi.dll
0x000007fefd4d0000 - 0x000007fefd4df000 	C:\Windows\system32\CRYPTBASE.dll
0x00000000622a0000 - 0x00000000622e7000 	C:\Program Files\Java\jdk1.8.0_60\jre\bin\fontmanager.dll
0x0000000180000000 - 0x00000001802b7000 	C:\Windows\system32\nvspcap64.dll
0x000007fefea10000 - 0x000007fefebe7000 	C:\Windows\system32\SETUPAPI.dll
0x000007fefd880000 - 0x000007fefd8b6000 	C:\Windows\system32\CFGMGR32.dll
0x000007fefda10000 - 0x000007fefda2a000 	C:\Windows\system32\DEVOBJ.dll
0x000007fee7840000 - 0x000007fee79aa000 	C:\Program Files (x86)\NVIDIA Corporation\3D Vision\nvSCPAPI64.dll
0x0000000063d10000 - 0x0000000063d2a000 	C:\Program Files\Java\jdk1.8.0_60\jre\bin\net.dll
0x000007fefcb10000 - 0x000007fefcb65000 	C:\Windows\system32\mswsock.dll
0x000007fefcb00000 - 0x000007fefcb07000 	C:\Windows\System32\wship6.dll
0x0000000063cb0000 - 0x0000000063cc1000 	C:\Program Files\Java\jdk1.8.0_60\jre\bin\nio.dll
0x00000000616c0000 - 0x0000000061702000 	C:\Program Files\Java\jdk1.8.0_60\jre\bin\t2k.dll
0x000007fefe5b0000 - 0x000007fefe649000 	C:\Windows\system32\CLBCatQ.DLL
0x0000000062cf0000 - 0x0000000062d1a000 	C:\Program Files\Java\jdk1.8.0_60\jre\bin\dcpr.dll
0x000007feee320000 - 0x000007feee445000 	C:\Windows\system32\dbghelp.dll

VM Arguments:
jvm_args: -Dfile.encoding=UTF-8 
java_command: cellEvolution.CellEvolutionGUI
java_class_path (initial): C:\Users\Wilson\Desktop\Hw\Grade 12\ICS4UI\Assignments\U1\CellEvolution\build\classes
Launcher Type: SUN_STANDARD

Environment Variables:
CLASSPATH=.;C:\Program Files (x86)\Java\jre6\lib\ext\QTJava.zip
PATH=C:\ProgramData\Oracle\Java\javapath;C:\Program Files (x86)\NVIDIA Corporation\PhysX\Common;C:\Windows\system32;C:\Windows;C:\Windows\System32\Wbem;C:\Windows\System32\WindowsPowerShell\v1.0\;C:\Program Files (x86)\QuickTime\QTSystem\;C:\Program Files (x86)\Skype\Phone\
USERNAME=Wilson
OS=Windows_NT
PROCESSOR_IDENTIFIER=Intel64 Family 6 Model 37 Stepping 2, GenuineIntel



---------------  S Y S T E M  ---------------

OS: Windows 7 , 64 bit Build 7601 (6.1.7601.18409)

CPU:total 4 (2 cores per cpu, 2 threads per core) family 6 model 37 stepping 2, cmov, cx8, fxsr, mmx, sse, sse2, sse3, ssse3, sse4.1, sse4.2, popcnt, ht, tsc, tscinvbit

Memory: 4k page, physical 8313972k(5497440k free), swap 16626088k(11736912k free)

vm_info: Java HotSpot(TM) 64-Bit Server VM (25.60-b23) for windows-amd64 JRE (1.8.0_60-b27), built on Aug  4 2015 11:06:27 by "java_re" with MS VC++ 10.0 (VS2010)

time: Thu Jan 14 21:33:45 2016
elapsed time: 4 seconds (0d 0h 0m 4s)

